<?xml version="1.0" encoding="UTF-8"?>
<!-- Generated by org.testng.reporters.JUnitReportReporter -->
<testsuite skipped="0" hostname="DESKTOP-MAF27AG" name="testNG.MultiBrowserTest" tests="2" failures="0" timestamp="2020-06-27T23:04:48 IST" time="4.667" errors="0">
  <testcase name="navigate" time="1.926" classname="testNG.MultiBrowserTest"/>
  <system-out/>
  <testcase name="navigate" time="2.741" classname="testNG.MultiBrowserTest"/>
  <system-out/>
</testsuite> <!-- testNG.MultiBrowserTest -->
