<?xml version="1.0" encoding="UTF-8"?>
<!-- Generated by org.testng.reporters.JUnitReportReporter -->
<testsuite skipped="0" hostname="DESKTOP-MAF27AG" name="day1.runTest" tests="2" failures="0" timestamp="2020-06-27T18:04:18 IST" time="0.024" errors="0">
  <testcase name="t1" time="0.012" classname="day1.runTest"/>
  <system-out/>
  <testcase name="t2" time="0.012" classname="day1.runTest"/>
  <system-out/>
</testsuite> <!-- day1.runTest -->
