<?xml version="1.0" encoding="UTF-8"?>
<!-- Generated by org.testng.reporters.JUnitReportReporter -->
<testsuite skipped="0" hostname="DESKTOP-MAF27AG" name="testNG.NewTest" tests="2" failures="0" timestamp="2020-06-27T21:49:24 IST" time="0.018" errors="0">
  <testcase name="f1" time="0.009" classname="testNG.NewTest"/>
  <system-out/>
  <testcase name="f" time="0.009" classname="testNG.NewTest"/>
  <system-out/>
</testsuite> <!-- testNG.NewTest -->
