<?xml version="1.0" encoding="UTF-8"?>
<!-- Generated by org.testng.reporters.JUnitReportReporter -->
<testsuite skipped="0" hostname="DESKTOP-MAF27AG" name="demoNG.ASsertion" tests="1" failures="0" timestamp="2020-06-30T13:08:04 IST" time="2.470" errors="0">
  <testcase name="f" time="2.470" classname="demoNG.ASsertion"/>
  <system-out/>
</testsuite> <!-- demoNG.ASsertion -->
