<?xml version="1.0" encoding="UTF-8"?>
<!-- Generated by org.testng.reporters.JUnitReportReporter -->
<testsuite skipped="0" hostname="DESKTOP-MAF27AG" name="demoNG.Group" tests="1" failures="0" timestamp="2020-06-27T00:36:30 IST" time="0.009" errors="0">
  <testcase name="f4" time="0.009" classname="demoNG.Group"/>
  <system-out/>
</testsuite> <!-- demoNG.Group -->
