<?xml version="1.0" encoding="UTF-8"?>
<!-- Generated by org.testng.reporters.JUnitReportReporter -->
<testsuite skipped="1" hostname="DESKTOP-MAF27AG" name="demoNG.PRIORITY" tests="12" failures="0" timestamp="2020-05-22T17:45:38 IST" time="0.026" errors="0">
  <testcase name="AELVA" time="0.001" classname="demoNG.PRIORITY"/>
  <system-out/>
  <testcase name="AELVA" time="0.001" classname="demoNG.PRIORITY"/>
  <system-out/>
  <testcase name="AELVA" time="0.001" classname="demoNG.PRIORITY"/>
  <system-out/>
  <testcase name="AELVA" time="0.002" classname="demoNG.PRIORITY"/>
  <system-out/>
  <testcase name="AELVA" time="0.001" classname="demoNG.PRIORITY"/>
  <system-out/>
  <testcase name="AELVA" time="0.001" classname="demoNG.PRIORITY"/>
  <system-out/>
  <testcase name="AELVA" time="0.002" classname="demoNG.PRIORITY"/>
  <system-out/>
  <testcase name="AELVA" time="0.011" classname="demoNG.PRIORITY"/>
  <system-out/>
  <testcase name="AELVA" time="0.002" classname="demoNG.PRIORITY"/>
  <system-out/>
  <testcase name="AELVA" time="0.002" classname="demoNG.PRIORITY"/>
  <system-out/>
  <testcase name="TEJA" time="0.002" classname="demoNG.PRIORITY"/>
  <system-out/>
  <testcase name="CHAN" classname="demoNG.PRIORITY">
    <skipped/>
  </testcase> <!-- CHAN -->
  <system-out/>
</testsuite> <!-- demoNG.PRIORITY -->
