<?xml version="1.0" encoding="UTF-8"?>
<!-- Generated by org.testng.reporters.JUnitReportReporter -->
<testsuite skipped="0" hostname="DESKTOP-MAF27AG" name="demoNG.Parallel" tests="5" failures="0" timestamp="2020-06-22T00:19:24 IST" time="0.063" errors="0">
  <testcase name="f3" time="0.013" classname="demoNG.Parallel"/>
  <system-out/>
  <testcase name="f1" time="0.012" classname="demoNG.Parallel"/>
  <system-out/>
  <testcase name="f2" time="0.014" classname="demoNG.Parallel"/>
  <system-out/>
  <testcase name="f4" time="0.012" classname="demoNG.Parallel"/>
  <system-out/>
  <testcase name="f" time="0.012" classname="demoNG.Parallel"/>
  <system-out/>
</testsuite> <!-- demoNG.Parallel -->
