<?xml version="1.0" encoding="UTF-8"?>
<!-- Generated by org.testng.reporters.JUnitReportReporter -->
<testsuite skipped="0" hostname="DESKTOP-MAF27AG" name="com.crm.tests.HomePageTest" tests="1" failures="0" timestamp="14 May 2021 20:15:28 GMT" time="14.818" errors="0">
  <testcase name="newContactLinkTest" time="14.818" classname="com.crm.tests.HomePageTest"/>
</testsuite> <!-- com.crm.tests.HomePageTest -->
