<?xml version="1.0" encoding="UTF-8"?>
<!-- Generated by org.testng.reporters.JUnitReportReporter -->
<testsuite skipped="0" hostname="DESKTOP-MAF27AG" name="com.crm.tests.HomePageTest" tests="2" failures="0" timestamp="06 May 2021 08:06:48 GMT" time="30.451" errors="0">
  <testcase name="newcontactLinkTest" time="15.015" classname="com.crm.tests.HomePageTest"/>
  <testcase name="contactLinkTest" time="15.436" classname="com.crm.tests.HomePageTest"/>
</testsuite> <!-- com.crm.tests.HomePageTest -->
